2025-05-15 00:31:44 | INFO | Processing train_0000.parquet 1/16
2025-05-15 01:04:06 | INFO | Epoch: 1 | Segment: 1 | Loss: 5.169 | Acc: 31.028%
2025-05-15 01:04:15 | INFO | Validation | Loss: 6.641 | Acc: 9.700%
2025-05-15 02:00:13 | INFO | Processing train_0001.parquet 2/16
2025-05-15 02:32:11 | INFO | Epoch: 1 | Segment: 2 | Loss: 4.838 | Acc: 29.850%
2025-05-15 02:32:22 | INFO | Validation | Loss: 6.585 | Acc: 10.556%
2025-05-15 02:32:22 | INFO | Processing train_0002.parquet 3/16
2025-05-15 03:04:51 | INFO | Epoch: 1 | Segment: 3 | Loss: 4.052 | Acc: 44.884%
2025-05-15 03:05:04 | INFO | Validation | Loss: 6.790 | Acc: 9.959%
2025-05-15 03:05:04 | INFO | Processing train_0003.parquet 4/16
2025-05-15 03:37:17 | INFO | Epoch: 1 | Segment: 4 | Loss: 4.592 | Acc: 33.917%
2025-05-15 03:37:30 | INFO | Validation | Loss: 6.323 | Acc: 11.026%
2025-05-15 03:37:30 | INFO | Processing train_0004.parquet 5/16
2025-05-15 04:09:47 | INFO | Epoch: 1 | Segment: 5 | Loss: 4.420 | Acc: 37.558%
2025-05-15 04:10:00 | INFO | Validation | Loss: 7.082 | Acc: 9.644%
2025-05-15 04:10:00 | INFO | Processing train_0005.parquet 6/16
2025-05-15 04:42:25 | INFO | Epoch: 1 | Segment: 6 | Loss: 4.021 | Acc: 45.450%
2025-05-15 04:42:38 | INFO | Validation | Loss: 6.477 | Acc: 10.911%
2025-05-15 04:42:38 | INFO | Processing train_0006.parquet 7/16
2025-05-15 05:14:46 | INFO | Epoch: 1 | Segment: 7 | Loss: 4.550 | Acc: 33.393%
2025-05-15 05:14:59 | INFO | Validation | Loss: 6.342 | Acc: 11.554%
2025-05-15 05:14:59 | INFO | Processing train_0007.parquet 8/16
2025-05-15 05:47:27 | INFO | Epoch: 1 | Segment: 8 | Loss: 3.752 | Acc: 49.245%
2025-05-15 05:47:40 | INFO | Validation | Loss: 6.837 | Acc: 10.819%
2025-05-15 05:47:40 | INFO | Processing train_0008.parquet 9/16
2025-05-15 06:19:55 | INFO | Epoch: 1 | Segment: 9 | Loss: 4.146 | Acc: 41.407%
2025-05-15 06:20:07 | INFO | Validation | Loss: 6.134 | Acc: 12.011%
2025-05-15 06:20:07 | INFO | Processing train_0009.parquet 10/16
2025-05-15 06:52:20 | INFO | Epoch: 1 | Segment: 10 | Loss: 4.288 | Acc: 38.524%
2025-05-15 06:52:33 | INFO | Validation | Loss: 6.791 | Acc: 10.834%
2025-05-15 06:52:33 | INFO | Processing train_0010.parquet 11/16
2025-05-15 07:25:04 | INFO | Epoch: 1 | Segment: 11 | Loss: 3.740 | Acc: 49.903%
2025-05-15 07:25:17 | INFO | Validation | Loss: 6.569 | Acc: 11.137%
2025-05-15 07:25:17 | INFO | Processing train_0011.parquet 12/16
2025-05-15 07:57:27 | INFO | Epoch: 1 | Segment: 12 | Loss: 4.417 | Acc: 35.530%
2025-05-15 07:57:40 | INFO | Validation | Loss: 6.163 | Acc: 11.919%
2025-05-15 07:57:40 | INFO | Processing train_0012.parquet 13/16
2025-05-15 08:30:04 | INFO | Epoch: 1 | Segment: 13 | Loss: 3.730 | Acc: 49.234%
2025-05-15 08:30:17 | INFO | Validation | Loss: 6.820 | Acc: 11.439%
2025-05-15 08:30:17 | INFO | Processing train_0013.parquet 14/16
2025-05-15 09:02:39 | INFO | Epoch: 1 | Segment: 14 | Loss: 3.863 | Acc: 46.629%
2025-05-15 09:02:52 | INFO | Validation | Loss: 6.089 | Acc: 12.325%
2025-05-15 09:02:52 | INFO | Processing train_0014.parquet 15/16
2025-05-15 09:35:03 | INFO | Epoch: 1 | Segment: 15 | Loss: 4.279 | Acc: 37.955%
2025-05-15 09:35:16 | INFO | Validation | Loss: 6.581 | Acc: 11.497%
2025-05-15 09:35:16 | INFO | Processing train_0015.parquet 16/16
2025-05-15 10:07:49 | INFO | Epoch: 1 | Segment: 16 | Loss: 3.616 | Acc: 51.832%
2025-05-15 10:08:03 | INFO | Validation | Loss: 6.798 | Acc: 11.132%
2025-05-15 10:08:03 | INFO | Processing train_0003.parquet 2/16
2025-05-15 10:40:16 | INFO | Epoch: 2 | Segment: 2 | Loss: 4.257 | Acc: 38.607%  // 这里因为逻辑没写好，重载之后没有训练第一个分片
2025-05-15 10:40:30 | INFO | Validation | Loss: 6.007 | Acc: 12.456%
2025-05-15 10:40:30 | INFO | Processing train_0006.parquet 3/16
2025-05-15 11:12:56 | INFO | Epoch: 2 | Segment: 3 | Loss: 3.800 | Acc: 47.453%
2025-05-15 11:13:08 | INFO | Validation | Loss: 6.775 | Acc: 11.857%
2025-05-15 11:13:08 | INFO | Processing train_0012.parquet 4/16
2025-05-15 11:45:36 | INFO | Epoch: 2 | Segment: 4 | Loss: 3.637 | Acc: 50.793%
2025-05-15 11:45:49 | INFO | Validation | Loss: 6.144 | Acc: 12.491%
2025-05-15 11:45:49 | INFO | Processing train_0001.parquet 5/16
2025-05-15 12:18:00 | INFO | Epoch: 2 | Segment: 5 | Loss: 4.277 | Acc: 37.472%
2025-05-15 12:18:13 | INFO | Validation | Loss: 6.524 | Acc: 11.452%
2025-05-15 12:18:13 | INFO | Processing train_0015.parquet 6/16
2025-05-15 12:50:43 | INFO | Epoch: 2 | Segment: 6 | Loss: 3.539 | Acc: 52.856%
2025-05-15 12:50:56 | INFO | Validation | Loss: 6.960 | Acc: 11.362%
2025-05-15 12:50:56 | INFO | Processing train_0000.parquet 7/16
2025-05-15 13:23:09 | INFO | Epoch: 2 | Segment: 7 | Loss: 4.084 | Acc: 42.064%
2025-05-15 13:23:22 | INFO | Validation | Loss: 5.971 | Acc: 12.721%
2025-05-15 13:23:22 | INFO | Processing train_0011.parquet 8/16
2025-05-15 13:55:40 | INFO | Epoch: 2 | Segment: 8 | Loss: 3.912 | Acc: 44.901%
2025-05-15 13:55:53 | INFO | Validation | Loss: 6.693 | Acc: 11.935%
2025-05-15 13:55:53 | INFO | Processing train_0010.parquet 9/16
2025-05-15 14:28:22 | INFO | Epoch: 2 | Segment: 9 | Loss: 3.479 | Acc: 53.636%
2025-05-15 14:28:35 | INFO | Validation | Loss: 6.275 | Acc: 12.495%
2025-05-15 14:28:35 | INFO | Processing train_0008.parquet 10/16
2025-05-15 15:00:44 | INFO | Epoch: 2 | Segment: 10 | Loss: 4.234 | Acc: 38.143%
2025-05-15 15:00:58 | INFO | Validation | Loss: 6.273 | Acc: 11.940%
2025-05-15 15:00:58 | INFO | Processing train_0004.parquet 11/16
2025-05-15 15:33:29 | INFO | Epoch: 2 | Segment: 11 | Loss: 3.600 | Acc: 51.591%
2025-05-15 15:33:42 | INFO | Validation | Loss: 6.998 | Acc: 11.357%
2025-05-15 15:33:42 | INFO | Processing train_0014.parquet 12/16
2025-05-15 16:06:05 | INFO | Epoch: 2 | Segment: 12 | Loss: 3.878 | Acc: 46.122%
2025-05-15 16:06:18 | INFO | Validation | Loss: 5.990 | Acc: 12.701%
2025-05-15 16:06:18 | INFO | Processing train_0005.parquet 13/16
2025-05-15 16:38:33 | INFO | Epoch: 2 | Segment: 13 | Loss: 4.035 | Acc: 42.202%
2025-05-15 16:38:46 | INFO | Validation | Loss: 6.525 | Acc: 12.123%
2025-05-15 16:38:46 | INFO | Processing train_0009.parquet 14/16
2025-05-15 17:11:21 | INFO | Epoch: 2 | Segment: 14 | Loss: 3.389 | Acc: 55.229%
2025-05-15 17:11:34 | INFO | Validation | Loss: 6.478 | Acc: 12.253%
2025-05-15 17:11:34 | INFO | Processing train_0002.parquet 15/16
2025-05-15 17:43:48 | INFO | Epoch: 2 | Segment: 15 | Loss: 4.129 | Acc: 40.175%
2025-05-15 17:44:01 | INFO | Validation | Loss: 6.008 | Acc: 12.794%
2025-05-15 17:44:01 | INFO | Processing train_0013.parquet 16/16
2025-05-15 18:16:30 | INFO | Epoch: 2 | Segment: 16 | Loss: 3.686 | Acc: 49.665%
2025-05-15 18:16:45 | INFO | Validation | Loss: 7.037 | Acc: 11.563%
2025-05-15 18:16:45 | INFO | Processing train_0013.parquet 2/16
2025-05-15 18:49:13 | INFO | Epoch: 3 | Segment: 2 | Loss: 3.633 | Acc: 50.669%  // 这里也是
2025-05-15 18:49:25 | INFO | Validation | Loss: 6.162 | Acc: 12.290%
2025-05-15 18:49:25 | INFO | Processing train_0010.parquet 3/16
2025-05-15 19:21:36 | INFO | Epoch: 3 | Segment: 3 | Loss: 4.143 | Acc: 39.836%
2025-05-15 19:21:49 | INFO | Validation | Loss: 6.410 | Acc: 12.413%
2025-05-15 19:21:49 | INFO | Processing train_0007.parquet 4/16
2025-05-15 19:54:22 | INFO | Epoch: 3 | Segment: 4 | Loss: 3.366 | Acc: 55.627%
2025-05-15 19:54:35 | INFO | Validation | Loss: 6.569 | Acc: 12.450%
2025-05-15 19:54:35 | INFO | Processing train_0004.parquet 5/16
2025-05-15 20:26:49 | INFO | Epoch: 3 | Segment: 5 | Loss: 3.977 | Acc: 43.120%
2025-05-15 20:27:02 | INFO | Validation | Loss: 5.927 | Acc: 13.217%
2025-05-15 20:27:02 | INFO | Processing train_0012.parquet 6/16
2025-05-15 20:59:22 | INFO | Epoch: 3 | Segment: 6 | Loss: 3.808 | Acc: 46.980%
2025-05-15 20:59:35 | INFO | Validation | Loss: 7.013 | Acc: 11.695%
2025-05-15 20:59:35 | INFO | Processing train_0015.parquet 7/16
2025-05-15 21:32:03 | INFO | Epoch: 3 | Segment: 7 | Loss: 3.520 | Acc: 52.991%
2025-05-15 21:32:16 | INFO | Validation | Loss: 6.187 | Acc: 12.819%
2025-05-15 21:32:16 | INFO | Processing train_0014.parquet 8/16
2025-05-15 22:04:25 | INFO | Epoch: 3 | Segment: 8 | Loss: 4.163 | Acc: 39.233%
2025-05-15 22:04:37 | INFO | Validation | Loss: 6.169 | Acc: 12.873%
2025-05-15 22:08:06 | INFO | Processing train_0008.parquet 9/16
2025-05-15 22:40:32 | INFO | Epoch: 3 | Segment: 9 | Loss: 3.391 | Acc: 55.003%
2025-05-15 22:40:43 | INFO | Validation | Loss: 6.751 | Acc: 12.280%
2025-05-15 22:40:43 | INFO | Processing train_0009.parquet 10/16
2025-05-15 23:13:04 | INFO | Epoch: 3 | Segment: 10 | Loss: 3.812 | Acc: 46.559%
2025-05-15 23:13:17 | INFO | Validation | Loss: 5.921 | Acc: 13.061%
2025-05-15 23:13:17 | INFO | Processing train_0010.parquet 11/16
2025-05-15 23:45:40 | INFO | Epoch: 3 | Segment: 11 | Loss: 3.918 | Acc: 44.303%xx
2025-05-15 23:45:52 | INFO | Validation | Loss: 6.805 | Acc: 11.868%
2025-05-15 23:45:52 | INFO | Processing train_0011.parquet 12/16
2025-05-16 00:18:29 | INFO | Epoch: 3 | Segment: 12 | Loss: 3.418 | Acc: 54.861%
2025-05-16 00:18:42 | INFO | Validation | Loss: 6.463 | Acc: 12.244%
2025-05-16 00:18:42 | INFO | Processing train_0012.parquet 13/16
2025-05-16 00:50:58 | INFO | Epoch: 3 | Segment: 13 | Loss: 4.145 | Acc: 39.564%
2025-05-16 00:51:10 | INFO | Validation | Loss: 6.059 | Acc: 13.008%
2025-05-16 00:51:10 | INFO | Processing train_0013.parquet 14/16
2025-05-16 01:23:44 | INFO | Epoch: 3 | Segment: 14 | Loss: 3.457 | Acc: 53.562%
2025-05-16 01:23:57 | INFO | Validation | Loss: 6.793 | Acc: 12.410%
2025-05-16 01:23:57 | INFO | Processing train_0014.parquet 15/16
2025-05-16 01:56:26 | INFO | Epoch: 3 | Segment: 15 | Loss: 3.608 | Acc: 50.553%
2025-05-16 01:56:39 | INFO | Validation | Loss: 5.966 | Acc: 13.283%
2025-05-16 01:56:39 | INFO | Processing train_0015.parquet 16/16
2025-05-16 02:29:01 | INFO | Epoch: 3 | Segment: 16 | Loss: 4.006 | Acc: 42.211%
2025-05-16 02:29:15 | INFO | Validation | Loss: 6.611 | Acc: 12.109%
2025-05-16 17:29:48 | INFO | Processing train_0000.parquet 1/16
2025-05-16 18:00:20 | INFO | Epoch: 4 | Segment: 1 | Loss: 3.375 | Acc: 55.566%
2025-05-16 18:00:30 | INFO | Validation | Loss: 6.499 | Acc: 12.268%
2025-05-16 18:00:30 | INFO | Processing train_0001.parquet 2/16
2025-05-16 18:30:44 | INFO | Epoch: 4 | Segment: 2 | Loss: 4.057 | Acc: 41.600%  // 第四轮的时候修好了Bug
2025-05-16 18:30:55 | INFO | Validation | Loss: 5.912 | Acc: 13.266%
2025-05-16 18:30:55 | INFO | Processing train_0002.parquet 3/16
2025-05-16 19:01:23 | INFO | Epoch: 4 | Segment: 3 | Loss: 3.607 | Acc: 50.584%
2025-05-16 19:01:34 | INFO | Validation | Loss: 6.750 | Acc: 12.593%
2025-05-16 19:01:34 | INFO | Processing train_0003.parquet 4/16
2025-05-16 19:32:08 | INFO | Epoch: 4 | Segment: 4 | Loss: 3.464 | Acc: 53.496%
2025-05-16 19:32:20 | INFO | Validation | Loss: 6.092 | Acc: 13.134%
2025-05-16 19:32:20 | INFO | Processing train_0004.parquet 5/16
2025-05-16 20:02:36 | INFO | Epoch: 4 | Segment: 5 | Loss: 4.089 | Acc: 40.428%
2025-05-16 20:02:48 | INFO | Validation | Loss: 6.377 | Acc: 12.311%
2025-05-16 20:02:48 | INFO | Processing train_0005.parquet 6/16
2025-05-16 20:33:32 | INFO | Epoch: 4 | Segment: 6 | Loss: 3.371 | Acc: 55.512%
2025-05-16 20:33:44 | INFO | Validation | Loss: 6.819 | Acc: 12.286%
2025-05-16 20:38:40 | INFO | Processing train_0006.parquet 7/16
2025-05-16 21:08:56 | INFO | Epoch: 4 | Segment: 7 | Loss: 3.916 | Acc: 44.629%
2025-05-16 21:09:06 | INFO | Validation | Loss: 5.883 | Acc: 13.148%
2025-05-16 21:09:06 | INFO | Processing train_0007.parquet 8/16
2025-05-16 21:39:31 | INFO | Epoch: 4 | Segment: 8 | Loss: 3.758 | Acc: 47.417%
2025-05-16 21:39:43 | INFO | Validation | Loss: 6.652 | Acc: 12.586%
2025-05-16 21:39:43 | INFO | Processing train_0008.parquet 9/16
2025-05-16 22:10:22 | INFO | Epoch: 4 | Segment: 9 | Loss: 3.340 | Acc: 55.832%
2025-05-16 22:10:34 | INFO | Validation | Loss: 6.119 | Acc: 13.216%
2025-05-16 22:10:34 | INFO | Processing train_0009.parquet 10/16
2025-05-16 22:40:53 | INFO | Epoch: 4 | Segment: 10 | Loss: 4.084 | Acc: 40.443%
2025-05-16 22:41:05 | INFO | Validation | Loss: 6.081 | Acc: 12.954%
2025-05-16 22:41:05 | INFO | Processing train_0010.parquet 11/16
2025-05-16 23:11:46 | INFO | Epoch: 4 | Segment: 11 | Loss: 3.427 | Acc: 54.287%
2025-05-16 23:11:58 | INFO | Validation | Loss: 7.007 | Acc: 11.791%
2025-05-16 23:11:58 | INFO | Processing train_0011.parquet 12/16
2025-05-16 23:42:29 | INFO | Epoch: 4 | Segment: 12 | Loss: 3.736 | Acc: 48.251%
2025-05-16 23:42:42 | INFO | Validation | Loss: 5.931 | Acc: 13.165%
2025-05-16 23:42:42 | INFO | Processing train_0012.parquet 13/16
2025-05-17 00:13:05 | INFO | Epoch: 4 | Segment: 13 | Loss: 3.902 | Acc: 44.229%
2025-05-17 00:13:16 | INFO | Validation | Loss: 6.495 | Acc: 12.803%
2025-05-17 00:13:16 | INFO | Processing train_0013.parquet 14/16
2025-05-17 00:44:01 | INFO | Epoch: 4 | Segment: 14 | Loss: 3.265 | Acc: 57.205%
2025-05-17 00:44:13 | INFO | Validation | Loss: 6.361 | Acc: 12.737%
2025-05-17 00:44:13 | INFO | Processing train_0014.parquet 15/16
2025-05-17 01:14:31 | INFO | Epoch: 4 | Segment: 15 | Loss: 4.015 | Acc: 41.762%
2025-05-17 01:14:43 | INFO | Validation | Loss: 5.938 | Acc: 13.192%
2025-05-17 01:14:43 | INFO | Processing train_0015.parquet 16/16
2025-05-17 01:45:20 | INFO | Epoch: 4 | Segment: 16 | Loss: 3.527 | Acc: 52.183%
2025-05-17 01:45:34 | INFO | Validation | Loss: 6.957 | Acc: 12.079%
2025-05-17 01:45:34 | INFO | Processing train_0013.parquet 1/16
2025-05-17 02:16:08 | INFO | Epoch: 5 | Segment: 1 | Loss: 3.564 | Acc: 51.728%
2025-05-17 02:16:20 | INFO | Validation | Loss: 5.952 | Acc: 13.214%
2025-05-17 02:16:20 | INFO | Processing train_0012.parquet 2/16
2025-05-17 02:46:41 | INFO | Epoch: 5 | Segment: 2 | Loss: 4.009 | Acc: 41.861%
2025-05-17 02:46:54 | INFO | Validation | Loss: 6.323 | Acc: 12.830%
2025-05-17 03:09:18 | INFO | Processing train_0002.parquet 3/16
2025-05-17 03:39:55 | INFO | Epoch: 5 | Segment: 3 | Loss: 3.257 | Acc: 57.320%                                                                     
2025-05-17 03:40:05 | INFO | Validation | Loss: 6.559 | Acc: 12.869%                                       
2025-05-17 03:40:05 | INFO | Processing train_0003.parquet 4/16
2025-05-17 04:10:25 | INFO | Epoch: 5 | Segment: 4 | Loss: 3.893 | Acc: 44.407%                                                                     
2025-05-17 04:10:37 | INFO | Validation | Loss: 5.926 | Acc: 13.165%                                       
2025-05-17 04:10:37 | INFO | Processing train_0004.parquet 5/16
2025-05-17 04:41:05 | INFO | Epoch: 5 | Segment: 5 | Loss: 3.676 | Acc: 49.063%
2025-05-17 04:41:18 | INFO | Validation | Loss: 6.999 | Acc: 12.332%
2025-05-17 04:41:18 | INFO | Processing train_0005.parquet 6/16
2025-05-17 05:11:56 | INFO | Epoch: 5 | Segment: 6 | Loss: 3.421 | Acc: 54.490%
2025-05-17 05:12:09 | INFO | Validation | Loss: 6.196 | Acc: 12.637%
2025-05-17 05:12:09 | INFO | Processing train_0006.parquet 7/16
2025-05-17 05:42:26 | INFO | Epoch: 5 | Segment: 7 | Loss: 4.076 | Acc: 40.593%
2025-05-17 05:42:39 | INFO | Validation | Loss: 6.161 | Acc: 12.956%
2025-05-17 05:47:46 | INFO | Processing train_0007.parquet 8/16
2025-05-17 06:18:16 | INFO | Epoch: 5 | Segment: 8 | Loss: 3.307 | Acc: 56.347%
2025-05-17 06:18:25 | INFO | Validation | Loss: 6.696 | Acc: 12.607%
2025-05-17 06:18:25 | INFO | Processing train_0008.parquet 9/16
2025-05-17 06:48:46 | INFO | Epoch: 5 | Segment: 9 | Loss: 3.729 | Acc: 47.832%
2025-05-17 06:48:58 | INFO | Validation | Loss: 5.908 | Acc: 13.304%
2025-05-17 06:52:07 | INFO | Processing train_0009.parquet 10/16
2025-05-17 07:22:21 | INFO | Epoch: 5 | Segment: 10 | Loss: 3.825 | Acc: 45.815%
2025-05-17 07:22:31 | INFO | Validation | Loss: 6.795 | Acc: 12.250%
2025-05-17 07:24:25 | INFO | Processing train_0010.parquet 11/16
2025-05-17 07:54:54 | INFO | Epoch: 5 | Segment: 11 | Loss: 3.319 | Acc: 56.351%
2025-05-17 07:55:03 | INFO | Validation | Loss: 6.422 | Acc: 12.523%
2025-05-17 07:55:03 | INFO | Processing train_0011.parquet 12/16
2025-05-17 08:25:12 | INFO | Epoch: 5 | Segment: 12 | Loss: 4.058 | Acc: 40.943%
2025-05-17 08:25:25 | INFO | Validation | Loss: 5.989 | Acc: 13.517%
2025-05-17 08:25:25 | INFO | Processing train_0012.parquet 13/16
2025-05-17 08:55:58 | INFO | Epoch: 5 | Segment: 13 | Loss: 3.386 | Acc: 54.682%
2025-05-17 08:56:10 | INFO | Validation | Loss: 6.760 | Acc: 12.783%
2025-05-17 08:56:10 | INFO | Processing train_0013.parquet 14/16

Evaluating: 100%|█████████████████████████████████████████████████████████████████████████████████| 32/32 [00:10<00:00,  2.98batch/s, Processed=3739/3981, Discarded=242]

Evaluation Complete
Total samples: 3981
Valid samples: 3739
Discarded samples: 242
BLEU score: 37.80
Comparison file saved at: results/translation_comparison.txt2025-05-17
